a:2
	A
	a
aal:2
	aal
	ala
aam:2
	aam
	ama
aaeinort:2
	Aaronite
	aeration
aaru:2
	Aaru
	aura
aabcort:2
	abactor
	acrobat
aabirs:2
	Abaris
	Arabis
aabers:2
	abaser
	abrase
aabet:2
	abate
	Ateba
aabert:2
	abater
	artabe
abel:3
	Abel
	able
	albe
abeel:2
	abele
	albee
abeeilt:2
	Abelite
	abelite
aabgiil:2
	Abigail
	abigail
abilo:2
	abilo
	aboil
abeirtu:2
	abiuret
	aubrite
aabkr:2
	abkar
	Arkab
aabelr:3
	ablare
	arable
	Arbela
abilnotu:2
	ablution
	Abutilon
abhmo:2
	abmho
	abohm
abenr:2
	Abner
	Arneb
aabdor:3
	aboard
	aborad
	abroad
abdeo:2
	abode
	adobe
aablor:2
	aboral
	arbalo
aabmr:2
	Abram
	ambar
aabimrs:2
	Abramis
	Arabism
aaabrsx:2
	abrasax
	abraxas
aablorst:2
	abrastol
	Albatros
abhmos:2
	absmho
	absohm
abu:2
	Abu
	abu
aaccdeim:2
	Academic
	academic
aacdeeimt:2
	academite
	acetamide
aacdei:3
	Acadie
	acedia
	Adicea
aacehlp:2
	acaleph
	acephal
aaacehlp:2
	Acalepha
	Acephala
aaaceehlp:2
	Acalephae
	Apalachee
aaacehlnp:2
	acalephan
	acephalan
aachnt:2
	acanth
	Anchat
aaachint:2
	Acanthia
	Achatina
aaacr:2
	acara
	araca
aaacdir:3
	acardia
	Acarida
	Arcadia
aaacinr:3
	acarian
	Acarina
	Acrania
aaceinr:3
	acarine
	acraein
	arecain
aacsstu:2
	Acastus
	Astacus
acceit:2
	accite
	acetic
aacceilnt:2
	acclinate
	analectic
acceinort:2
	accretion
	anorectic
accersu:2
	accurse
	accuser
acer:2
	Acer
	acre
aaacceeer:2
	Aceraceae
	Arecaceae
aacceeorsu:2
	aceraceous
	arecaceous
aceeilnruv:2
	acervuline
	avirulence
aaceinnot:2
	acetanion
	antoecian
aceint:2
	acetin
	actine
aceinot:4
	acetoin
	aconite
	anoetic
	antoeci
aaceinortu:2
	acetonuria
	aeronautic
acehr:2
	acher
	arche
accehinort:2
	Acherontic
	anchoretic
aaccehilnort:2
	Acherontical
	anchoretical
aachilo:2
	acholia
	alochia
acdiity:2
	acidity
	adicity
acdily:2
	acidly
	acidyl
acdhiiloopsu:2
	acidophilous
	aphidicolous
aceir:2
	acier
	aeric
aaceilr:2
	Acieral
	aerical
aacinr:2
	acinar
	arnica
acis:2
	Acis
	asci
acel:2
	acle
	alec
aacilln:2
	aclinal
	ancilla
aaceimn:2
	acnemia
	anaemic
aacdin:2
	Acnida
	anacid
aacmo:2
	Acoma
	acoma
aacilnot:3
	aconital
	actional
	Anatolic
acimnotu:2
	Aconitum
	acontium
acinostu:2
	Acontius
	anticous
acnor:2
	acorn
	acron
acdilry:2
	acridly
	acridyl
aacirt:2
	Acrita
	Arctia
aacinrt:2
	acritan
	arctian
aceirt:2
	acrite
	Arcite
acciilmnoru:2
	Acroclinium
	Alcicornium
aacegnory:2
	Acrogynae
	acrogynae
aceilnor:2
	acrolein
	arecolin
aaccilnor:2
	acronical
	Alcoranic
acefiirt:2
	actifier
	artifice
acint:2
	actin
	antic
aacilnt:4
	actinal
	alantic
	Alicant
	antical
acinot:2
	action
	atonic
aceinort:2
	actioner
	anerotic
aacorttu:2
	actuator
	autocrat
aacnu:2
	Acuan
	Aucan
aadd:4
	Adad
	adad
	Adda
	adda
aadeg:2
	adage
	Agade
aadeimt:3
	Adamite
	adamite
	amidate
aadinopt:2
	adaption
	adoptian
aadiimnopst:2
	adaptionism
	adoptianism
aadr:2
	Adar
	arad
aademr:2
	adarme
	adream
ade:2
	Ade
	ade
adeem:2
	adeem
	ameed
adeimnr:2
	adermin
	Amerind
aadhinop:2
	adiaphon
	aphodian
aadghinrt:2
	Adigranth
	adigranth
adin:2
	Adin
	Andi
aadilt:2
	adital
	Altaid
aadil:2
	Adlai
	Alida
adim:2
	admi
	amid
adeimr:2
	admire
	armied
adimt:2
	admit
	atmid
aaccdeenns:2
	adnascence
	ascendance
aacdennst:2
	adnascent
	ascendant
aadino:2
	Adonai
	Adonia
acdino:2
	Adonic
	anodic
adeinoz:2
	adonize
	anodize
aadilnoopt:2
	adoptional
	Aplodontia
aadop:2
	adpao
	Apoda
adeeinnr:2
	adrenine
	Adrienne
aadinr:3
	Adrian
	Andira
	Andria
aadlru:2
	adular
	Aludra
aaeginp:2
	Aegipan
	Apinage
aeegiirt:2
	aegirite
	ariegite
aaeilno:3
	Aeolian
	aeolina
	aeonial
aeinost:2
	aeonist
	asiento
aer:2
	aer
	are
aaaeinrr:2
	aerarian
	Arenaria
aaeilr:2
	aerial
	aralie
aaeeghoprrr:2
	aerographer
	areographer
aaceghioprr:2
	aerographic
	areographic
aaaceghiloprr:2
	aerographical
	areographical
aaeghoprry:2
	aerography
	areography
acegiloor:2
	aerologic
	areologic
aacegilloor:2
	aerological
	areological
aegiloorst:2
	aerologist
	areologist
aegloory:2
	aerology
	areology
aeeemorrt:2
	aerometer
	areometer
aceeimorrt:2
	aerometric
	areometric
aeemorrty:2
	aerometry
	areometry
aeloors:2
	Aerosol
	aerosol
aaceiorsstt:2
	aerostatics
	aortectasis
aes:2
	aes
	ase
aaeint:2
	Aetian
	antiae
aafr:2
	Afar
	afar
aefrt:2
	afret
	after
aafhrs:2
	Afshar
	ashraf
aacefrtt:2
	afteract
	artefact
aaeefrsttt:2
	afterstate
	aftertaste
aagl:3
	agal
	agla
	alga
aaagm:3
	Agama
	agama
	amaga
aaegipt:2
	agapeti
	agpaite
aagr:2
	agar
	Agra
aagu:2
	Agau
	agua
aeeginss:2
	agenesis
	assignee
aaegilnt:2
	agential
	alginate
aegr:2
	ager
	agre
aaegginort:2
	aggeration
	agregation
aegil:2
	Agiel
	agile
agiorst:2
	agistor
	Agrotis
aaeglr:2
	aglare
	alegar
aaegimnt:2
	agmatine
	agminate
aegln:3
	agnel
	angel
	angle
agnsu:2
	agnus
	Angus
agno:2
	agon
	ango
aaglno:2
	agonal
	Angola
aadgiinno:2
	agoniadin
	anangioid
acgino:2
	agonic
	angico
aaglr:2
	agral
	argal
aaaginr:2
	Agrania
	angaria
acgiilorst:2
	agricolist
	algoristic
aagnor:5
	agroan
	Angora
	Anogra
	arango
	Argoan
aegu:2
	ague
	auge
ah:2
	Ah
	ah
aehors:2
	ahorse
	ashore
aaehnt:3
	Ahtena
	aneath
	Athena
ahu:2
	ahu
	auh
adeinn:2
	Aidenn
	Andine
adeis:2
	Aides
	aside
aeil:2
	aiel
	aile
aaeiilnnt:2
	ailantine
	antialien
aailnot:2
	ailanto
	alation
aeilnor:2
	aileron
	alienor
agiiln:2
	ailing
	angili
aeilmnt:2
	ailment
	aliment
aim:3
	aim
	Ami
	ami
aint:3
	aint
	Anti
	anti
aair:2
	Aira
	aria
aainr:3
	airan
	arain
	Arian
adeimorr:2
	airdrome
	armoried
aadeeilr:2
	Airedale
	airedale
aeirr:2
	airer
	arrie
aaimnr:2
	airman
	amarin
ait:2
	ait
	Ati
aaajj:2
	Ajaja
	ajaja
aak:2
	Aka
	aka
aaikl:2
	Akali
	Alaki
aeekn:2
	aknee
	ankee
aaakmos:2
	akoasma
	Amakosa
aakr:2
	Akra
	akra
aku:3
	aku
	Auk
	auk
al:2
	Al
	al
aailn:2
	Alain
	alani
aaall:2
	Alala
	alala
aalmo:2
	alamo
	aloma
aaln:3
	Alan
	alan
	anal
aagilnn:3
	alangin
	anginal
	Anglian
aaegilnn:2
	alangine
	Angelina
aacillnot:2
	alantolic
	allantoic
aallny:2
	alanyl
	anally
aaelrs:2
	alares
	Arales
aaailr:2
	Alaria
	Aralia
aaabellmr:2
	alarmable
	ambarella
aailmrst:2
	alarmist
	alastrim
abl:2
	Alb
	alb
aabln:2
	Alban
	alban
aaablt:2
	albata
	atabal
abeilt:2
	albeit
	albite
abilno:3
	albino
	Albion
	Alboin
aabeilmntu:2
	albuminate
	antelabium
aacdeil:2
	alcaide
	Alcidae
aaceilmn:2
	alcamine
	analcime
aacehlr:2
	alchera
	archeal
aceiln:2
	alcine
	ancile
aaclnor:2
	Alcoran
	ancoral
adeiln:2
	Aldine
	aldine
aaceilort:2
	Alectoria
	alectoria
aeflt:2
	aleft
	alfet
aelm:2
	alem
	alme
aeeilmt:2
	Alemite
	alemite
aelrt:3
	alert
	alter
	artel
aeilrst:2
	Aletris
	Alister
aeltu:2
	Aleut
	atule
aceiltu:2
	Aleutic
	auletic
aeilnv:2
	alevin
	alvine
aelx:3
	Alex
	Axel
	axle
aaadeilnnrx:2
	Alexandrian
	Alexandrina
aaeilx:2
	Alexia
	alexia
aadelry:2
	aleyard
	already
afl:2
	Alf
	alf
aabeglr:2
	Algebar
	algebra
aeegilnr:2
	Algerine
	algerine
acgil:2
	Algic
	algic
agiln:2
	algin
	align
aglor:2
	algor
	argol
aglmu:2
	algum
	almug
aeiln:3
	alien
	Aline
	anile
aaeiilnnot:2
	alienation
	alineation
aceiilmnt:2
	alimentic
	antilemic
ailn:2
	alin
	anil
aciilpt:2
	aliptic
	aplitic
ailos:2
	aliso
	Alois
ailnos:3
	Alison
	alison
	Anolis
ailx:2
	Alix
	axil
aaegillt:2
	allagite
	alligate
aalln:2
	Allan
	allan
aeills:3
	Allies
	allies
	Aselli
aillmu:2
	Allium
	Alulim
allot:2
	allot
	atoll
adellu:2
	allude
	aludel
ally:2
	Ally
	ally
aalm:3
	Alma
	alma
	amla
aailmn:2
	Almain
	animal
almno:2
	Almon
	almon
aaegln:2
	alnage
	Angela
ailno:3
	aloin
	anoil
	anoli
aelno:2
	alone
	anole
alnoos:2
	Alonso
	alsoon
aceilopst:2
	alopecist
	altiscope
alow:2
	alow
	Awol
aeilnp:2
	Alpine
	alpine
aiilnpst:2
	Alpinist
	antislip
aalnru:2
	alraun
	alruna
aghilrty:2
	alrighty
	arightly
aacilt:2
	Altaic
	Altica
aailrt:3
	Altair
	atrail
	atrial
aalrt:2
	altar
	artal
aelnrt:2
	altern
	antler
aaehlt:2
	Althea
	althea
ahlnort:2
	althorn
	anthrol
aaeilmntu:2
	aluminate
	alumniate
aalrv:2
	alvar
	arval
aelsuv:2
	alveus
	avulse
ailnv:2
	Alvin
	anvil
aelsty:2
	Alytes
	astely
aaceimnr:2
	amacrine
	American
aaimn:4
	amain
	amani
	amnia
	anima
aaamp:2
	amapa
	Apama
aamr:2
	amar
	amra
aamss:2
	amass
	Assam
aaimt:2
	Amati
	Amita
aaeimnotz:2
	amazonite
	anatomize
abemors:2
	Ambrose
	ambrose
aabimnors:2
	Ambrosian
	ambrosian
abmruy:2
	ambury
	aumbry
aeemn:2
	ameen
	amene
aaeilm:2
	Amelia
	amelia
aemn:2
	Amen
	amen
aaeimn:3
	amenia
	Anemia
	anemia
aaeimnt:5
	amentia
	aminate
	Anamite
	anamite
	animate
aeimmrs:2
	amerism
	asimmer
aceiimrst:3
	ameristic
	armistice
	artemisic
aaeimrt:2
	ametria
	Artemia
ailm:2
	amil
	amli
aeilms:2
	Amiles
	asmile
aaiimnnot:2
	amination
	animation
aeimn:2
	amine
	anime
aiimn:2
	amini
	animi
aeiimnz:3
	aminize
	animize
	azimine
aimr:2
	Amir
	amir
aamm:2
	Amma
	amma
aeimmnot:2
	Ammonite
	ammonite
aiimmnnotu:2
	ammunition
	antimonium
aaaimnnot:2
	Amnionata
	Anamniota
aaeimnnot:2
	amnionate
	anamniote
aeimnot:2
	amniote
	anomite
aimorst:2
	amorist
	aortism
aahmopr:2
	Amorpha
	amphora
achimopr:2
	amorphic
	amphoric
ahmooprsu:2
	amorphous
	amphorous
aeimortz:2
	amortize
	atomizer
achhiilmopp:2
	amphiphloic
	amphophilic
aahmst:2
	amsath
	asthma
aaimnos:2
	Amsonia
	anosmia
amy:2
	Amy
	amy
aan:2
	Ana
	ana
aaaacnr:2
	anacara
	Aracana
aaacegnnory:2
	Anacrogynae
	anacrogynae
aacinssu:2
	anacusis
	Ascanius
aaceilnt:2
	analcite
	Anticlea
aamn:2
	Anam
	anam
aaaimnrt:2
	Anamirta
	Araminta
aann:3
	anan
	Anna
	anna
aaadinnr:2
	anandria
	Andriana
aaeinnt:2
	Ananite
	anatine
aaadinps:2
	Anapsida
	Anaspida
aachimnrs:2
	anarchism
	arachnism
aachinrst:2
	anarchist
	archsaint
aaceinrt:2
	anaretic
	arcanite
aadhnooprrt:2
	anarthropod
	arthropodan
aans:2
	Anas
	ansa
aaans:2
	Anasa
	asana
aant:3
	Anat
	Anta
	anta
aacimnost:2
	anatocism
	anosmatic
achnor:2
	anchor
	archon
acehinort:2
	anchorite
	antechoir
aciinnost:2
	anconitis
	antiscion
adenr:2
	Andre
	arend
adlnor:2
	androl
	Arnold
aaenr:3
	anear
	Arean
	arena
aennt:2
	anent
	annet
aaeinp:2
	anepia
	Apinae
adeinor:2
	aneroid
	arenoid
aeinss:2
	anesis
	Anseis
aeimnrsu:2
	aneurism
	arsenium
aaagnr:2
	Angara
	aranga
aacegiln:2
	Angelica
	angelica
aacegilln:2
	Angelical
	angelical
aegnr:2
	anger
	areng
aeglnr:2
	angler
	Arleng
aacgiiilnnotz:2
	Anglicization
	anglicization
acegiilnz:2
	Anglicize
	anglicize
aghilns:2
	Anglish
	ashling
agnor:2
	angor
	argon
agmnorst:2
	Angstrom
	angstrom
aginsu:2
	Anguis
	anguis
aghint:2
	anight
	athing
aimnsu:3
	animus
	anisum
	anusim
aeeinstt:2
	anisette
	Atestine
aaeinoprst:2
	Anisoptera
	asperation
ann:2
	Ann
	ann
aaelnn:2
	annale
	anneal
aannno:2
	Annona
	annona
aailmnost:2
	anomalist
	atonalism
aainop:2
	anopia
	aponia
achinort:2
	anorthic
	anthroic
aainos:2
	Anosia
	asonia
aehnort:2
	another
	athenor
aainot:2
	anotia
	atonia
aainox:2
	anoxia
	Axonia
aenorssu:2
	anserous
	arsenous
ansu:2
	ansu
	anus
aanrt:2
	Antar
	antra
aaaccinrtt:2
	Antarctica
	antarctica
aent:2
	ante
	Aten
aaaelnntt:2
	antenatal
	Atlantean
aadeinrt:2
	anteriad
	Atridean
aaehinnt:2
	Anthinae
	Athenian
aaachinrt:2
	anthracia
	Antiarcha
aaceinstt:2
	anticaste
	Ataentsic
aaceeiinrttv:2
	anticreative
	antireactive
aceeinprt:2
	anticreep
	apenteric
aeilnopt:2
	Antilope
	antipole
aeeimnrtt:2
	antimeter
	attermine
aciimnnot:2
	antimonic
	antinomic
aimnnoty:2
	antimony
	antinomy
aeginnort:3
	antinegro
	Argentino
	argention
aahiinprsst:2
	antiphrasis
	artisanship
ailnoopt:2
	antipolo
	antipool
aeinoppt:2
	antipope
	appointe
aciinoprst:2
	antipsoric
	ascription
aadeinrtt:2
	antitrade
	attainder
aenrt:2
	antre
	arent
antu:3
	Antu
	antu
	aunt
aacehp:2
	Apache
	apache
aaahips:2
	aphasia
	asaphia
aachips:2
	aphasic
	Asaphic
ahips:2
	Aphis
	apish
adehioprt:2
	Aphrodite
	atrophied
aainp:2
	apian
	Apina
aaioprt:2
	apiator
	atropia
aeiops:2
	apiose
	apoise
aachmooprt:2
	apochromat
	archoptoma
aacioprt:2
	Apocrita
	aproctia
aadiop:2
	Apodia
	apodia
aacilopstu:2
	apolaustic
	autopsical
aooopprssu:2
	aposporous
	aprosopous
aelopst:2
	apostle
	aseptol
aciloopst:2
	Apostolic
	apostolic
aeilppr:2
	applier
	aripple
ainoopprt:2
	appointor
	apportion
acioprt:2
	apricot
	atropic
aaainqru:2
	Aquarian
	aquarian
aabr:2
	Arab
	arba
aacchir:2
	arachic
	archaic
aachirs:2
	Arachis
	Asiarch
aacehnr:2
	Arachne
	Archean
aaacdehinor:2
	Arachnoidea
	arachnoidea
aamrsu:2
	Aramus
	Asarum
aadeinr:2
	araneid
	Ariadne
aaarr:2
	Arara
	arara
aairt:2
	arati
	atria
aaanru:2
	Arauan
	Arauna
aabeelrrst:3
	arbalester
	arbalestre
	arrestable
aaacdinr:2
	Arcadian
	arcadian
aacehr:2
	archae
	areach
acehrr:2
	Archer
	archer
achry:2
	Archy
	archy
aaclru:2
	arcual
	arcula
aader:2
	Ardea
	aread
adeiors:2
	ardoise
	Aroides
aceeilnor:2
	arecoline
	arenicole
aacenru:2
	Arecuna
	Aucaner
aaegnr:2
	Arenga
	Argean
aeegmnrtu:2
	argenteum
	augmenter
aeeginnrt:2
	Argentine
	argentine
aegmnrtu:2
	argentum
	argument
agor:2
	Argo
	argo
aegru:2
	argue
	auger
aahrr:2
	arhar
	arrah
aahrt:3
	arhat
	artha
	athar
aeilr:2
	Ariel
	ariel
aeirs:2
	Aries
	arise
aeinrs:2
	arisen
	arsine
airst:2
	arist
	astir
aaeirsst:2
	Aristeas
	Asterias
aaeilrsttu:2
	aristulate
	australite
aeirt:2
	arite
	Artie
airsu:2
	Arius
	Asuri
aainorz:2
	Arizona
	Azorian
aeikrt:2
	Arkite
	arkite
aelrs:2
	arles
	arsle
aanrtu:2
	Arnaut
	Arunta
adnoru:2
	around
	Arundo
aarrs:2
	Arras
	arras
aarru:2
	arrau
	aurar
aerrst:2
	arrest
	astrer
aeginrrst:2
	arresting
	astringer
aacdirs:2
	Arsacid
	ascarid
adeeinrs:2
	arsedine
	arsenide
aeinorst:3
	arsonite
	Asterion
	asterion
art:2
	Art
	art
aaemrst:2
	Artemas
	astream
aeiorrstu:2
	arterious
	autoriser
aaeinrst:4
	Artesian
	artesian
	Asterina
	asternia
aainrst:2
	artisan
	astrain
arty:2
	arty
	atry
aahrsu:2
	arusha
	Aushar
as:2
	As
	as
aaeirst:3
	asarite
	asteria
	atresia
aacdeilps:2
	Asclepiad
	asclepiad
acost:2
	Ascot
	ascot
ahrsu:2
	Ashur
	ashur
aaehinopst:2
	asiphonate
	asthenopia
aakos:2
	asoak
	asoka
aeorrsst:2
	assertor
	assorter
aaainrstt:2
	Astartian
	Astrantia
abeilst:2
	Astilbe
	astilbe
aaaenrst:2
	Astraean
	astraean
aaaglrsstu:2
	Astragalus
	astragalus
aainrstu:2
	Asturian
	Austrian
aaestw:2
	asweat
	awaste
aacilntt:2
	Atlantic
	atlantic
aalst:2
	Atlas
	atlas
amot:2
	atmo
	atom
anoty:2
	atony
	ayont
aahnopt:2
	Atophan
	atophan
alotxy:2
	Atoxyl
	atoxyl
aaeegnrt:2
	Atragene
	atragene
aatt:2
	Atta
	atta
aacsttu:2
	Attacus
	attacus
acitt:2
	Attic
	attic
aciimstt:2
	Atticism
	atticism
aceiittz:2
	Atticize
	atticize
aabeiirtu:2
	Aubrietia
	aubrietia
aacu:2
	Auca
	auca
aacehinu:2
	Auchenia
	auchenia
aabcuu:2
	Aucuba
	aucuba
adinou:2
	Audion
	audion
agstuu:2
	August
	august
aalmoostu:2
	Aulostoma
	autosomal
aaimnrtuu:2
	Aurantium
	aurantium
aaeilru:2
	Aurelia
	aurelia
aacilruu:2
	Auricula
	auricula
aaaciilrruu:2
	Auricularia
	auricularia
acceloopsstuu:2
	Auscultoscope
	auscultoscope
aalrstu:2
	Austral
	austral
aehopttuy:2
	authotype
	autophyte
agioortu:2
	Autogiro
	autogiro
aahoprtu:2
	Autoharp
	autoharp
aev:2
	Ave
	ave
aaaciilruv:2
	Avicularia
	avicularia
adeiorv:2
	avodire
	avoider
aisx:2
	Axis
	axis
ay:2
	Ay
	ay
aaaelz:2
	Azalea
	azalea
aacetz:2
	Azteca
	azteca
